abe.corpus Thu Mar 2 07:48:54 PM EST 2023	0/689	0	\|	797/689	~1.15674891146589259797
abe.corpus Thu Mar 2 08:20:35 PM EST 2023	19/689	~0.02757619738751814224	\|	797/689	~1.15674891146589259797
abe.corpus Thu Mar 2 08:39:17 PM EST 2023	35/689	~0.05079825834542815675	\|	797/689	~1.15674891146589259797
abe.corpus Thu Mar 2 08:54:14 PM EST 2023	64/689	~0.09288824383164005806	\|	797/689	~1.15674891146589259797
abe.corpus Wed Mar 22 07:53:24 PM EDT 2023	37/293	~0.12627986348122866894	\|	333/293	~1.13651877133105802048
abe.corpus Wed Mar 22 07:54:24 PM EDT 2023	6/175	~0.03428571428571428571	\|	193/175	~1.10285714285714285714
abe.corpus Wed Mar 22 07:55:08 PM EDT 2023	21/221	~0.09502262443438914027	\|	267/221	~1.20814479638009049774
abe.corpus Tue Apr 11 11:09:47 AM EDT 2023	228/689	~0.33091436865021770682	\|	846/689	~1.22786647314949201742
abe.corpus Fri May 5 04:16:49 PM EDT 2023	247/689	~0.35849056603773584906	\|	874/689	~1.26850507982583454282
abe.corpus Sat May 6 02:14:04 PM EDT 2023	160/293	~0.54607508532423208191	\|	382/293	~1.30375426621160409556
abe.corpus Sat May 6 02:14:16 PM EDT 2023	28/175	0.16	\|	207/175	~1.18285714285714285714
abe.corpus Sat May 6 02:14:35 PM EDT 2023	59/221	~0.26696832579185520362	\|	281/221	~1.27149321266968325792
abe.corpus Sat May 6 02:28:23 PM EDT 2023	160/293	~0.54607508532423208191	\|	400/293	~1.36518771331058020478
abe.corpus Sat May 6 02:28:43 PM EDT 2023	28/175	0.16	\|	207/175	~1.18285714285714285714
abe.corpus Sat May 6 02:29:04 PM EDT 2023	64/221	~0.28959276018099547511	\|	282/221	~1.27601809954751131222
abe.corpus Sat May 6 03:15:23 PM EDT 2023	32/175	~0.18285714285714285714	\|	211/175	~1.20571428571428571429
abe.corpus Sat May 6 04:48:34 PM EDT 2023	0/0	Error 10002	\|	0/0	Error 10002
abe.corpus Sat May 6 04:49:12 PM EDT 2023	1367/5610	~0.24367201426024955437	\|	6527/5610	~1.16345811051693404635
abe.corpus Sat May 6 08:25:54 PM EDT 2023	1487/6096	~0.24393044619422572178	\|	7091/6096	~1.16322178477690288714
abe.corpus Sat May 6 08:28:41 PM EDT 2023	1574/6096	~0.25820209973753280840	\|	7091/6096	~1.16322178477690288714
abe.corpus Sat May 6 08:34:22 PM EDT 2023	1675/6096	~0.27477034120734908136	\|	7091/6096	~1.16322178477690288714
abe.corpus Sat May 6 08:36:23 PM EDT 2023	162/293	~0.55290102389078498294	\|	400/293	~1.36518771331058020478
abe.corpus Sat May 6 08:36:57 PM EDT 2023	42/175	0.24	\|	211/175	~1.20571428571428571429
abe.corpus Sat May 6 08:37:26 PM EDT 2023	70/221	~0.31674208144796380090	\|	282/221	~1.27601809954751131222
abe.sentences.txt Sat May 6 08:38:38 PM EDT 2023	99/148	~0.66891891891891891892	\|	224/148	~1.51351351351351351351
